<?xml version="1.0" encoding="UTF-8"?>
<!-- Generated by org.testng.reporters.JUnitXMLReporter -->
<testsuite hostname="DESKTOP-2ITLVTS" ignored="0" name="Test" tests="1" failures="1" timestamp="22 Apr 2020 13:29:38 GMT" time="14.478" errors="0">
  <testcase name="loginTest" time="7.396" classname="comm.actitime.testscripts.LoginTest">
    <failure type="java.io.FileNotFoundException" message=".src\main\resources\LoginData\Logincreds.properties (The system cannot find the path specified)">
      <![CDATA[java.io.FileNotFoundException: .src\main\resources\LoginData\Logincreds.properties (The system cannot find the path specified)
at java.io.FileInputStream.open0(Native Method)
at java.io.FileInputStream.open(FileInputStream.java:195)
at java.io.FileInputStream.<init>(FileInputStream.java:138)
at java.io.FileInputStream.<init>(FileInputStream.java:93)
at com.actitime.commonutils.WebDriverUtils.getDataFromProperties(WebDriverUtils.java:15)
at comm.actitime.testscripts.LoginTest.loginTest(LoginTest.java:18)
... Removed 25 stack frames]]>
    </failure>
  </testcase> <!-- loginTest -->
</testsuite> <!-- Test -->
