<?xml version="1.0" encoding="UTF-8"?>
<testng-results skipped="0" failed="1" ignored="0" total="1" passed="0">
  <reporter-output>
  </reporter-output>
  <suite name="comm.actitime.testscripts.LoginTest" duration-ms="12062" started-at="2020-04-22T18:02:37 IST" finished-at="2020-04-22T18:02:49 IST">
    <groups>
    </groups>
    <test name="Command line test" duration-ms="12062" started-at="2020-04-22T18:02:37 IST" finished-at="2020-04-22T18:02:49 IST">
      <class name="comm.actitime.testscripts.LoginTest">
        <test-method status="PASS" signature="classsetup()[pri:0, instance:comm.actitime.testscripts.LoginTest@271053e1]" name="classsetup" is-config="true" duration-ms="3827" started-at="2020-04-22T18:02:37 IST" finished-at="2020-04-22T18:02:41 IST">
          <reporter-output>
          </reporter-output>
        </test-method> <!-- classsetup -->
        <test-method status="FAIL" signature="loginTest()[pri:0, instance:comm.actitime.testscripts.LoginTest@271053e1]" name="loginTest" duration-ms="5149" started-at="2020-04-22T18:02:41 IST" finished-at="2020-04-22T18:02:46 IST">
          <exception class="java.io.FileNotFoundException">
            <message>
              <![CDATA[.src\main\resources\LoginData\Logincreds.properties (The system cannot find the path specified)]]>
            </message>
            <full-stacktrace>
              <![CDATA[java.io.FileNotFoundException: .src\main\resources\LoginData\Logincreds.properties (The system cannot find the path specified)
at java.io.FileInputStream.open0(Native Method)
at java.io.FileInputStream.open(FileInputStream.java:195)
at java.io.FileInputStream.<init>(FileInputStream.java:138)
at java.io.FileInputStream.<init>(FileInputStream.java:93)
at com.actitime.commonutils.WebDriverUtils.getDataFromProperties(WebDriverUtils.java:15)
at comm.actitime.testscripts.LoginTest.loginTest(LoginTest.java:21)
at sun.reflect.NativeMethodAccessorImpl.invoke0(Native Method)
at sun.reflect.NativeMethodAccessorImpl.invoke(NativeMethodAccessorImpl.java:62)
at sun.reflect.DelegatingMethodAccessorImpl.invoke(DelegatingMethodAccessorImpl.java:43)
at java.lang.reflect.Method.invoke(Method.java:498)
at org.testng.internal.MethodInvocationHelper.invokeMethod(MethodInvocationHelper.java:134)
at org.testng.internal.TestInvoker.invokeMethod(TestInvoker.java:597)
at org.testng.internal.TestInvoker.invokeTestMethod(TestInvoker.java:173)
at org.testng.internal.MethodRunner.runInSequence(MethodRunner.java:46)
at org.testng.internal.TestInvoker$MethodInvocationAgent.invoke(TestInvoker.java:816)
at org.testng.internal.TestInvoker.invokeTestMethods(TestInvoker.java:146)
at org.testng.internal.TestMethodWorker.invokeTestMethods(TestMethodWorker.java:146)
at org.testng.internal.TestMethodWorker.run(TestMethodWorker.java:128)
at java.util.ArrayList.forEach(ArrayList.java:1257)
at org.testng.TestRunner.privateRun(TestRunner.java:766)
at org.testng.TestRunner.run(TestRunner.java:587)
at org.testng.SuiteRunner.runTest(SuiteRunner.java:384)
at org.testng.SuiteRunner.runSequentially(SuiteRunner.java:378)
at org.testng.SuiteRunner.privateRun(SuiteRunner.java:337)
at org.testng.SuiteRunner.run(SuiteRunner.java:286)
at org.testng.SuiteRunnerWorker.runSuite(SuiteRunnerWorker.java:53)
at org.testng.SuiteRunnerWorker.run(SuiteRunnerWorker.java:96)
at org.testng.TestNG.runSuitesSequentially(TestNG.java:1187)
at org.testng.TestNG.runSuitesLocally(TestNG.java:1109)
at org.testng.TestNG.runSuites(TestNG.java:1039)
at org.testng.TestNG.run(TestNG.java:1007)
at org.apache.maven.surefire.testng.TestNGExecutor.run(TestNGExecutor.java:77)
at org.apache.maven.surefire.testng.TestNGDirectoryTestSuite.execute(TestNGDirectoryTestSuite.java:110)
at org.apache.maven.surefire.testng.TestNGProvider.invoke(TestNGProvider.java:106)
at sun.reflect.NativeMethodAccessorImpl.invoke0(Native Method)
at sun.reflect.NativeMethodAccessorImpl.invoke(NativeMethodAccessorImpl.java:62)
at sun.reflect.DelegatingMethodAccessorImpl.invoke(DelegatingMethodAccessorImpl.java:43)
at java.lang.reflect.Method.invoke(Method.java:498)
at org.apache.maven.surefire.util.ReflectionUtils.invokeMethodWithArray(ReflectionUtils.java:189)
at org.apache.maven.surefire.booter.ProviderFactory$ProviderProxy.invoke(ProviderFactory.java:165)
at org.apache.maven.surefire.booter.ProviderFactory.invokeProvider(ProviderFactory.java:85)
at org.apache.maven.surefire.booter.ForkedBooter.runSuitesInProcess(ForkedBooter.java:115)
at org.apache.maven.surefire.booter.ForkedBooter.main(ForkedBooter.java:75)
]]>
            </full-stacktrace>
          </exception> <!-- java.io.FileNotFoundException -->
          <reporter-output>
          </reporter-output>
        </test-method> <!-- loginTest -->
        <test-method status="PASS" signature="classteardown()[pri:0, instance:comm.actitime.testscripts.LoginTest@271053e1]" name="classteardown" is-config="true" duration-ms="3059" started-at="2020-04-22T18:02:46 IST" finished-at="2020-04-22T18:02:49 IST">
          <reporter-output>
          </reporter-output>
        </test-method> <!-- classteardown -->
      </class> <!-- comm.actitime.testscripts.LoginTest -->
    </test> <!-- Command line test -->
  </suite> <!-- comm.actitime.testscripts.LoginTest -->
</testng-results>
