<?xml version="1.0" encoding="UTF-8" ?>
<testsuite tests="1" failures="1" name="comm.actitime.testscripts.LoginTest" time="5.154" errors="0" skipped="0">
  <properties>
[...]
</properties>
  <testcase classname="comm.actitime.testscripts.LoginTest" name="loginTest" time="5.154">
    <failure message=".src\main\resources\LoginData\Logincreds.properties (The system cannot find the path specified)" type="java.io.FileNotFoundException">java.io.FileNotFoundException: .src\main\resources\LoginData\Logincreds.properties (The system cannot find the path specified)
	at java.io.FileInputStream.open0(Native Method)
	at java.io.FileInputStream.open(FileInputStream.java:195)
	at java.io.FileInputStream.&lt;init&gt;(FileInputStream.java:138)
	at java.io.FileInputStream.&lt;init&gt;(FileInputStream.java:93)
	at com.actitime.commonutils.WebDriverUtils.getDataFromProperties(WebDriverUtils.java:15)
	at comm.actitime.testscripts.LoginTest.loginTest(LoginTest.java:21)
</failure>
    <system-out>Configuring TestNG with: org.apache.maven.surefire.testng.conf.TestNG652Configurator@5ecddf8f
</system-out>
    <system-err>SLF4J: Failed to load class &quot;org.slf4j.impl.StaticLoggerBinder&quot;.
SLF4J: Defaulting to no-operation (NOP) logger implementation
SLF4J: See http://www.slf4j.org/codes.html#StaticLoggerBinder for further details.
Starting ChromeDriver 81.0.4044.69 (6813546031a4bc83f717a2ef7cd4ac6ec1199132-refs/branch-heads/4044@{#776}) on port 35871
Only local connections are allowed.
Please protect ports used by ChromeDriver and related test frameworks to prevent access by malicious code.
Apr 22, 2020 6:02:41 PM org.openqa.selenium.remote.ProtocolHandshake createSession
INFO: Detected dialect: W3C
[1587558763.593][SEVERE]: Timed out receiving message from renderer: 0.100
[1587558763.698][SEVERE]: Timed out receiving message from renderer: 0.100
[1587558763.802][SEVERE]: Timed out receiving message from renderer: 0.100
[1587558763.905][SEVERE]: Timed out receiving message from renderer: 0.100
[1587558764.009][SEVERE]: Timed out receiving message from renderer: 0.100
[1587558764.112][SEVERE]: Timed out receiving message from renderer: 0.100
[1587558764.216][SEVERE]: Timed out receiving message from renderer: 0.100
[1587558764.318][SEVERE]: Timed out receiving message from renderer: 0.100
[1587558764.423][SEVERE]: Timed out receiving message from renderer: 0.100
[1587558764.529][SEVERE]: Timed out receiving message from renderer: 0.100
[1587558764.632][SEVERE]: Timed out receiving message from renderer: 0.100
[1587558764.736][SEVERE]: Timed out receiving message from renderer: 0.100
[1587558764.839][SEVERE]: Timed out receiving message from renderer: 0.100
[1587558764.944][SEVERE]: Timed out receiving message from renderer: 0.100
[1587558765.048][SEVERE]: Timed out receiving message from renderer: 0.100
[1587558765.151][SEVERE]: Timed out receiving message from renderer: 0.100
[1587558765.374][SEVERE]: Timed out receiving message from renderer: 0.100
[1587558765.478][SEVERE]: Timed out receiving message from renderer: 0.100
[1587558765.583][SEVERE]: Timed out receiving message from renderer: 0.100
[1587558765.703][SEVERE]: Timed out receiving message from renderer: 0.100
[1587558765.805][SEVERE]: Timed out receiving message from renderer: 0.100
[1587558765.907][SEVERE]: Timed out receiving message from renderer: 0.100
</system-err>
  </testcase>
</testsuite>